2025-11-06T10:34:32,098 - CPUUtilization.Percent:0.0|#Level:Host|#hostname:MacBook-Pro-de-Lautaro.local,timestamp:1762436072
2025-11-06T10:34:32,099 - DiskAvailable.Gigabytes:201.00018310546875|#Level:Host|#hostname:MacBook-Pro-de-Lautaro.local,timestamp:1762436072
2025-11-06T10:34:32,099 - DiskUsage.Gigabytes:13.731098175048828|#Level:Host|#hostname:MacBook-Pro-de-Lautaro.local,timestamp:1762436072
2025-11-06T10:34:32,099 - DiskUtilization.Percent:6.4|#Level:Host|#hostname:MacBook-Pro-de-Lautaro.local,timestamp:1762436072
2025-11-06T10:34:32,099 - MemoryAvailable.Megabytes:2627.28125|#Level:Host|#hostname:MacBook-Pro-de-Lautaro.local,timestamp:1762436072
2025-11-06T10:34:32,099 - MemoryUsed.Megabytes:6201.296875|#Level:Host|#hostname:MacBook-Pro-de-Lautaro.local,timestamp:1762436072
2025-11-06T10:34:32,099 - MemoryUtilization.Percent:84.0|#Level:Host|#hostname:MacBook-Pro-de-Lautaro.local,timestamp:1762436072
2025-11-06T10:34:40,134 - Requests4XX.Count:1.0|#Level:Host|#hostname:MacBook-Pro-de-Lautaro.local,timestamp:1762436080
2025-11-06T10:35:12,794 - Requests4XX.Count:1.0|#Level:Host|#hostname:MacBook-Pro-de-Lautaro.local,timestamp:1762436112
2025-11-06T10:35:32,249 - CPUUtilization.Percent:25.0|#Level:Host|#hostname:MacBook-Pro-de-Lautaro.local,timestamp:1762436132
2025-11-06T10:35:32,250 - DiskAvailable.Gigabytes:200.48710250854492|#Level:Host|#hostname:MacBook-Pro-de-Lautaro.local,timestamp:1762436132
2025-11-06T10:35:32,250 - DiskUsage.Gigabytes:13.731098175048828|#Level:Host|#hostname:MacBook-Pro-de-Lautaro.local,timestamp:1762436132
2025-11-06T10:35:32,250 - DiskUtilization.Percent:6.4|#Level:Host|#hostname:MacBook-Pro-de-Lautaro.local,timestamp:1762436132
2025-11-06T10:35:32,251 - MemoryAvailable.Megabytes:2908.984375|#Level:Host|#hostname:MacBook-Pro-de-Lautaro.local,timestamp:1762436132
2025-11-06T10:35:32,251 - MemoryUsed.Megabytes:6357.859375|#Level:Host|#hostname:MacBook-Pro-de-Lautaro.local,timestamp:1762436132
2025-11-06T10:35:32,251 - MemoryUtilization.Percent:82.2|#Level:Host|#hostname:MacBook-Pro-de-Lautaro.local,timestamp:1762436132
2025-11-06T10:36:04,255 - CPUUtilization.Percent:0.0|#Level:Host|#hostname:MacBook-Pro-de-Lautaro.local,timestamp:1762436164
2025-11-06T10:36:04,256 - DiskAvailable.Gigabytes:200.48300552368164|#Level:Host|#hostname:MacBook-Pro-de-Lautaro.local,timestamp:1762436164
2025-11-06T10:36:04,256 - DiskUsage.Gigabytes:13.731098175048828|#Level:Host|#hostname:MacBook-Pro-de-Lautaro.local,timestamp:1762436164
2025-11-06T10:36:04,256 - DiskUtilization.Percent:6.4|#Level:Host|#hostname:MacBook-Pro-de-Lautaro.local,timestamp:1762436164
2025-11-06T10:36:04,256 - MemoryAvailable.Megabytes:2422.3125|#Level:Host|#hostname:MacBook-Pro-de-Lautaro.local,timestamp:1762436164
2025-11-06T10:36:04,256 - MemoryUsed.Megabytes:6244.8125|#Level:Host|#hostname:MacBook-Pro-de-Lautaro.local,timestamp:1762436164
2025-11-06T10:36:04,256 - MemoryUtilization.Percent:85.2|#Level:Host|#hostname:MacBook-Pro-de-Lautaro.local,timestamp:1762436164
2025-11-06T10:36:09,641 - Requests4XX.Count:1.0|#Level:Host|#hostname:MacBook-Pro-de-Lautaro.local,timestamp:1762436169
2025-11-06T10:37:04,331 - CPUUtilization.Percent:50.0|#Level:Host|#hostname:MacBook-Pro-de-Lautaro.local,timestamp:1762436224
2025-11-06T10:37:04,332 - DiskAvailable.Gigabytes:200.47018432617188|#Level:Host|#hostname:MacBook-Pro-de-Lautaro.local,timestamp:1762436224
2025-11-06T10:37:04,332 - DiskUsage.Gigabytes:13.731098175048828|#Level:Host|#hostname:MacBook-Pro-de-Lautaro.local,timestamp:1762436224
2025-11-06T10:37:04,332 - DiskUtilization.Percent:6.4|#Level:Host|#hostname:MacBook-Pro-de-Lautaro.local,timestamp:1762436224
2025-11-06T10:37:04,332 - MemoryAvailable.Megabytes:2924.5625|#Level:Host|#hostname:MacBook-Pro-de-Lautaro.local,timestamp:1762436224
2025-11-06T10:37:04,332 - MemoryUsed.Megabytes:6487.078125|#Level:Host|#hostname:MacBook-Pro-de-Lautaro.local,timestamp:1762436224
2025-11-06T10:37:04,332 - MemoryUtilization.Percent:82.1|#Level:Host|#hostname:MacBook-Pro-de-Lautaro.local,timestamp:1762436224
2025-11-06T10:37:29,348 - CPUUtilization.Percent:33.3|#Level:Host|#hostname:MacBook-Pro-de-Lautaro.local,timestamp:1762436249
2025-11-06T10:37:29,349 - DiskAvailable.Gigabytes:200.4683837890625|#Level:Host|#hostname:MacBook-Pro-de-Lautaro.local,timestamp:1762436249
2025-11-06T10:37:29,349 - DiskUsage.Gigabytes:13.731098175048828|#Level:Host|#hostname:MacBook-Pro-de-Lautaro.local,timestamp:1762436249
2025-11-06T10:37:29,349 - DiskUtilization.Percent:6.4|#Level:Host|#hostname:MacBook-Pro-de-Lautaro.local,timestamp:1762436249
2025-11-06T10:37:29,349 - MemoryAvailable.Megabytes:2793.171875|#Level:Host|#hostname:MacBook-Pro-de-Lautaro.local,timestamp:1762436249
2025-11-06T10:37:29,349 - MemoryUsed.Megabytes:6397.421875|#Level:Host|#hostname:MacBook-Pro-de-Lautaro.local,timestamp:1762436249
2025-11-06T10:37:29,349 - MemoryUtilization.Percent:83.0|#Level:Host|#hostname:MacBook-Pro-de-Lautaro.local,timestamp:1762436249
2025-11-06T10:37:34,759 - Requests4XX.Count:1.0|#Level:Host|#hostname:MacBook-Pro-de-Lautaro.local,timestamp:1762436254
2025-11-06T10:37:56,388 - CPUUtilization.Percent:0.0|#Level:Host|#hostname:MacBook-Pro-de-Lautaro.local,timestamp:1762436276
2025-11-06T10:37:56,389 - DiskAvailable.Gigabytes:200.46508407592773|#Level:Host|#hostname:MacBook-Pro-de-Lautaro.local,timestamp:1762436276
2025-11-06T10:37:56,389 - DiskUsage.Gigabytes:13.731098175048828|#Level:Host|#hostname:MacBook-Pro-de-Lautaro.local,timestamp:1762436276
2025-11-06T10:37:56,389 - DiskUtilization.Percent:6.4|#Level:Host|#hostname:MacBook-Pro-de-Lautaro.local,timestamp:1762436276
2025-11-06T10:37:56,389 - MemoryAvailable.Megabytes:2696.4375|#Level:Host|#hostname:MacBook-Pro-de-Lautaro.local,timestamp:1762436276
2025-11-06T10:37:56,389 - MemoryUsed.Megabytes:6183.015625|#Level:Host|#hostname:MacBook-Pro-de-Lautaro.local,timestamp:1762436276
2025-11-06T10:37:56,389 - MemoryUtilization.Percent:83.5|#Level:Host|#hostname:MacBook-Pro-de-Lautaro.local,timestamp:1762436276
2025-11-06T10:38:03,590 - Requests4XX.Count:1.0|#Level:Host|#hostname:MacBook-Pro-de-Lautaro.local,timestamp:1762436283
2025-11-06T10:38:56,471 - CPUUtilization.Percent:0.0|#Level:Host|#hostname:MacBook-Pro-de-Lautaro.local,timestamp:1762436336
2025-11-06T10:38:56,472 - DiskAvailable.Gigabytes:200.45630264282227|#Level:Host|#hostname:MacBook-Pro-de-Lautaro.local,timestamp:1762436336
2025-11-06T10:38:56,472 - DiskUsage.Gigabytes:13.731098175048828|#Level:Host|#hostname:MacBook-Pro-de-Lautaro.local,timestamp:1762436336
2025-11-06T10:38:56,472 - DiskUtilization.Percent:6.4|#Level:Host|#hostname:MacBook-Pro-de-Lautaro.local,timestamp:1762436336
2025-11-06T10:38:56,472 - MemoryAvailable.Megabytes:2891.578125|#Level:Host|#hostname:MacBook-Pro-de-Lautaro.local,timestamp:1762436336
2025-11-06T10:38:56,472 - MemoryUsed.Megabytes:6188.171875|#Level:Host|#hostname:MacBook-Pro-de-Lautaro.local,timestamp:1762436336
2025-11-06T10:38:56,472 - MemoryUtilization.Percent:82.4|#Level:Host|#hostname:MacBook-Pro-de-Lautaro.local,timestamp:1762436336
2025-11-06T10:39:50,973 - CPUUtilization.Percent:83.3|#Level:Host|#hostname:MacBook-Pro-de-Lautaro.local,timestamp:1762436390
2025-11-06T10:39:50,974 - DiskAvailable.Gigabytes:200.45252990722656|#Level:Host|#hostname:MacBook-Pro-de-Lautaro.local,timestamp:1762436390
2025-11-06T10:39:50,974 - DiskUsage.Gigabytes:13.731098175048828|#Level:Host|#hostname:MacBook-Pro-de-Lautaro.local,timestamp:1762436390
2025-11-06T10:39:50,974 - DiskUtilization.Percent:6.4|#Level:Host|#hostname:MacBook-Pro-de-Lautaro.local,timestamp:1762436390
2025-11-06T10:39:50,974 - MemoryAvailable.Megabytes:2525.5|#Level:Host|#hostname:MacBook-Pro-de-Lautaro.local,timestamp:1762436390
2025-11-06T10:39:50,974 - MemoryUsed.Megabytes:5999.296875|#Level:Host|#hostname:MacBook-Pro-de-Lautaro.local,timestamp:1762436390
2025-11-06T10:39:50,974 - MemoryUtilization.Percent:84.6|#Level:Host|#hostname:MacBook-Pro-de-Lautaro.local,timestamp:1762436390
2025-11-06T10:40:50,978 - CPUUtilization.Percent:100.0|#Level:Host|#hostname:MacBook-Pro-de-Lautaro.local,timestamp:1762436450
2025-11-06T10:40:50,980 - DiskAvailable.Gigabytes:199.442138671875|#Level:Host|#hostname:MacBook-Pro-de-Lautaro.local,timestamp:1762436450
2025-11-06T10:40:50,981 - DiskUsage.Gigabytes:13.731098175048828|#Level:Host|#hostname:MacBook-Pro-de-Lautaro.local,timestamp:1762436450
2025-11-06T10:40:50,981 - DiskUtilization.Percent:6.4|#Level:Host|#hostname:MacBook-Pro-de-Lautaro.local,timestamp:1762436450
2025-11-06T10:40:50,981 - MemoryAvailable.Megabytes:2701.515625|#Level:Host|#hostname:MacBook-Pro-de-Lautaro.local,timestamp:1762436450
2025-11-06T10:40:50,981 - MemoryUsed.Megabytes:5974.328125|#Level:Host|#hostname:MacBook-Pro-de-Lautaro.local,timestamp:1762436450
2025-11-06T10:40:50,981 - MemoryUtilization.Percent:83.5|#Level:Host|#hostname:MacBook-Pro-de-Lautaro.local,timestamp:1762436450
2025-11-06T10:40:57,959 - Requests4XX.Count:1.0|#Level:Host|#hostname:MacBook-Pro-de-Lautaro.local,timestamp:1762436457
2025-11-06T10:44:42,408 - CPUUtilization.Percent:66.7|#Level:Host|#hostname:MacBook-Pro-de-Lautaro.local,timestamp:1762436682
2025-11-06T10:44:42,449 - DiskAvailable.Gigabytes:200.41107940673828|#Level:Host|#hostname:MacBook-Pro-de-Lautaro.local,timestamp:1762436682
2025-11-06T10:44:42,480 - DiskUsage.Gigabytes:13.731098175048828|#Level:Host|#hostname:MacBook-Pro-de-Lautaro.local,timestamp:1762436682
2025-11-06T10:44:42,484 - DiskUtilization.Percent:6.4|#Level:Host|#hostname:MacBook-Pro-de-Lautaro.local,timestamp:1762436682
2025-11-06T10:44:42,489 - MemoryAvailable.Megabytes:2403.421875|#Level:Host|#hostname:MacBook-Pro-de-Lautaro.local,timestamp:1762436682
2025-11-06T10:44:42,489 - MemoryUsed.Megabytes:6214.25|#Level:Host|#hostname:MacBook-Pro-de-Lautaro.local,timestamp:1762436682
2025-11-06T10:44:42,489 - MemoryUtilization.Percent:85.3|#Level:Host|#hostname:MacBook-Pro-de-Lautaro.local,timestamp:1762436682
2025-11-06T10:44:47,660 - WorkerLoadTime.Milliseconds:5673.0|#WorkerName:W-9008-aesthetic_v2_5_1.0,Level:Host|#hostname:MacBook-Pro-de-Lautaro.local,timestamp:1762436687
2025-11-06T10:44:47,666 - WorkerThreadTime.Milliseconds:24.0|#Level:Host|#hostname:MacBook-Pro-de-Lautaro.local,timestamp:1762436687
2025-11-06T10:44:47,671 - WorkerLoadTime.Milliseconds:5685.0|#WorkerName:W-9005-aesthetic_v2_5_1.0,Level:Host|#hostname:MacBook-Pro-de-Lautaro.local,timestamp:1762436687
2025-11-06T10:44:47,672 - WorkerThreadTime.Milliseconds:13.0|#Level:Host|#hostname:MacBook-Pro-de-Lautaro.local,timestamp:1762436687
2025-11-06T10:44:47,679 - WorkerLoadTime.Milliseconds:5693.0|#WorkerName:W-9006-aesthetic_v2_5_1.0,Level:Host|#hostname:MacBook-Pro-de-Lautaro.local,timestamp:1762436687
2025-11-06T10:44:47,679 - WorkerThreadTime.Milliseconds:1.0|#Level:Host|#hostname:MacBook-Pro-de-Lautaro.local,timestamp:1762436687
2025-11-06T10:44:47,683 - WorkerLoadTime.Milliseconds:5697.0|#WorkerName:W-9001-aesthetic_v2_5_1.0,Level:Host|#hostname:MacBook-Pro-de-Lautaro.local,timestamp:1762436687
2025-11-06T10:44:47,684 - WorkerThreadTime.Milliseconds:2.0|#Level:Host|#hostname:MacBook-Pro-de-Lautaro.local,timestamp:1762436687
2025-11-06T10:44:47,685 - WorkerLoadTime.Milliseconds:5699.0|#WorkerName:W-9002-aesthetic_v2_5_1.0,Level:Host|#hostname:MacBook-Pro-de-Lautaro.local,timestamp:1762436687
2025-11-06T10:44:47,685 - WorkerThreadTime.Milliseconds:1.0|#Level:Host|#hostname:MacBook-Pro-de-Lautaro.local,timestamp:1762436687
2025-11-06T10:44:47,685 - WorkerLoadTime.Milliseconds:5699.0|#WorkerName:W-9007-aesthetic_v2_5_1.0,Level:Host|#hostname:MacBook-Pro-de-Lautaro.local,timestamp:1762436687
2025-11-06T10:44:47,686 - WorkerThreadTime.Milliseconds:11.0|#Level:Host|#hostname:MacBook-Pro-de-Lautaro.local,timestamp:1762436687
2025-11-06T10:44:47,687 - WorkerLoadTime.Milliseconds:5702.0|#WorkerName:W-9000-aesthetic_v2_5_1.0,Level:Host|#hostname:MacBook-Pro-de-Lautaro.local,timestamp:1762436687
2025-11-06T10:44:47,687 - WorkerThreadTime.Milliseconds:9.0|#Level:Host|#hostname:MacBook-Pro-de-Lautaro.local,timestamp:1762436687
2025-11-06T10:44:47,687 - WorkerLoadTime.Milliseconds:5701.0|#WorkerName:W-9004-aesthetic_v2_5_1.0,Level:Host|#hostname:MacBook-Pro-de-Lautaro.local,timestamp:1762436687
2025-11-06T10:44:47,687 - WorkerThreadTime.Milliseconds:11.0|#Level:Host|#hostname:MacBook-Pro-de-Lautaro.local,timestamp:1762436687
2025-11-06T10:44:47,687 - WorkerLoadTime.Milliseconds:5700.0|#WorkerName:W-9009-aesthetic_v2_5_1.0,Level:Host|#hostname:MacBook-Pro-de-Lautaro.local,timestamp:1762436687
2025-11-06T10:44:47,687 - WorkerThreadTime.Milliseconds:1.0|#Level:Host|#hostname:MacBook-Pro-de-Lautaro.local,timestamp:1762436687
2025-11-06T10:44:47,728 - WorkerLoadTime.Milliseconds:5741.0|#WorkerName:W-9003-aesthetic_v2_5_1.0,Level:Host|#hostname:MacBook-Pro-de-Lautaro.local,timestamp:1762436687
2025-11-06T10:44:47,728 - WorkerThreadTime.Milliseconds:2.0|#Level:Host|#hostname:MacBook-Pro-de-Lautaro.local,timestamp:1762436687
2025-11-06T10:45:21,072 - Requests4XX.Count:1.0|#Level:Host|#hostname:MacBook-Pro-de-Lautaro.local,timestamp:1762436721
2025-11-06T10:45:42,423 - CPUUtilization.Percent:50.0|#Level:Host|#hostname:MacBook-Pro-de-Lautaro.local,timestamp:1762436742
2025-11-06T10:45:42,424 - DiskAvailable.Gigabytes:199.40579223632812|#Level:Host|#hostname:MacBook-Pro-de-Lautaro.local,timestamp:1762436742
2025-11-06T10:45:42,424 - DiskUsage.Gigabytes:13.731098175048828|#Level:Host|#hostname:MacBook-Pro-de-Lautaro.local,timestamp:1762436742
2025-11-06T10:45:42,424 - DiskUtilization.Percent:6.4|#Level:Host|#hostname:MacBook-Pro-de-Lautaro.local,timestamp:1762436742
2025-11-06T10:45:42,424 - MemoryAvailable.Megabytes:2532.203125|#Level:Host|#hostname:MacBook-Pro-de-Lautaro.local,timestamp:1762436742
2025-11-06T10:45:42,424 - MemoryUsed.Megabytes:6392.75|#Level:Host|#hostname:MacBook-Pro-de-Lautaro.local,timestamp:1762436742
2025-11-06T10:45:42,424 - MemoryUtilization.Percent:84.5|#Level:Host|#hostname:MacBook-Pro-de-Lautaro.local,timestamp:1762436742
2025-11-06T10:46:27,140 - CPUUtilization.Percent:100.0|#Level:Host|#hostname:MacBook-Pro-de-Lautaro.local,timestamp:1762436787
2025-11-06T10:46:27,141 - DiskAvailable.Gigabytes:199.40334701538086|#Level:Host|#hostname:MacBook-Pro-de-Lautaro.local,timestamp:1762436787
2025-11-06T10:46:27,141 - DiskUsage.Gigabytes:13.731098175048828|#Level:Host|#hostname:MacBook-Pro-de-Lautaro.local,timestamp:1762436787
2025-11-06T10:46:27,141 - DiskUtilization.Percent:6.4|#Level:Host|#hostname:MacBook-Pro-de-Lautaro.local,timestamp:1762436787
2025-11-06T10:46:27,148 - MemoryAvailable.Megabytes:3135.25|#Level:Host|#hostname:MacBook-Pro-de-Lautaro.local,timestamp:1762436787
2025-11-06T10:46:27,148 - MemoryUsed.Megabytes:6901.28125|#Level:Host|#hostname:MacBook-Pro-de-Lautaro.local,timestamp:1762436787
2025-11-06T10:46:27,148 - MemoryUtilization.Percent:80.9|#Level:Host|#hostname:MacBook-Pro-de-Lautaro.local,timestamp:1762436787
2025-11-06T10:46:31,928 - WorkerLoadTime.Milliseconds:5116.0|#WorkerName:W-9001-aesthetic_v2_5_1.0,Level:Host|#hostname:MacBook-Pro-de-Lautaro.local,timestamp:1762436791
2025-11-06T10:46:31,928 - WorkerLoadTime.Milliseconds:5118.0|#WorkerName:W-9000-aesthetic_v2_5_1.0,Level:Host|#hostname:MacBook-Pro-de-Lautaro.local,timestamp:1762436791
2025-11-06T10:46:31,928 - WorkerLoadTime.Milliseconds:5117.0|#WorkerName:W-9004-aesthetic_v2_5_1.0,Level:Host|#hostname:MacBook-Pro-de-Lautaro.local,timestamp:1762436791
2025-11-06T10:46:31,928 - WorkerLoadTime.Milliseconds:5117.0|#WorkerName:W-9007-aesthetic_v2_5_1.0,Level:Host|#hostname:MacBook-Pro-de-Lautaro.local,timestamp:1762436791
2025-11-06T10:46:31,929 - WorkerThreadTime.Milliseconds:6.0|#Level:Host|#hostname:MacBook-Pro-de-Lautaro.local,timestamp:1762436791
2025-11-06T10:46:31,928 - WorkerLoadTime.Milliseconds:5117.0|#WorkerName:W-9002-aesthetic_v2_5_1.0,Level:Host|#hostname:MacBook-Pro-de-Lautaro.local,timestamp:1762436791
2025-11-06T10:46:31,928 - WorkerLoadTime.Milliseconds:5117.0|#WorkerName:W-9009-aesthetic_v2_5_1.0,Level:Host|#hostname:MacBook-Pro-de-Lautaro.local,timestamp:1762436791
2025-11-06T10:46:31,928 - WorkerLoadTime.Milliseconds:5117.0|#WorkerName:W-9008-aesthetic_v2_5_1.0,Level:Host|#hostname:MacBook-Pro-de-Lautaro.local,timestamp:1762436791
2025-11-06T10:46:31,929 - WorkerThreadTime.Milliseconds:5.0|#Level:Host|#hostname:MacBook-Pro-de-Lautaro.local,timestamp:1762436791
2025-11-06T10:46:31,929 - WorkerThreadTime.Milliseconds:6.0|#Level:Host|#hostname:MacBook-Pro-de-Lautaro.local,timestamp:1762436791
2025-11-06T10:46:31,929 - WorkerThreadTime.Milliseconds:7.0|#Level:Host|#hostname:MacBook-Pro-de-Lautaro.local,timestamp:1762436791
2025-11-06T10:46:31,929 - WorkerThreadTime.Milliseconds:14.0|#Level:Host|#hostname:MacBook-Pro-de-Lautaro.local,timestamp:1762436791
2025-11-06T10:46:31,929 - WorkerThreadTime.Milliseconds:6.0|#Level:Host|#hostname:MacBook-Pro-de-Lautaro.local,timestamp:1762436791
2025-11-06T10:46:31,929 - WorkerThreadTime.Milliseconds:6.0|#Level:Host|#hostname:MacBook-Pro-de-Lautaro.local,timestamp:1762436791
2025-11-06T10:46:31,932 - WorkerLoadTime.Milliseconds:5121.0|#WorkerName:W-9006-aesthetic_v2_5_1.0,Level:Host|#hostname:MacBook-Pro-de-Lautaro.local,timestamp:1762436791
2025-11-06T10:46:31,932 - WorkerThreadTime.Milliseconds:8.0|#Level:Host|#hostname:MacBook-Pro-de-Lautaro.local,timestamp:1762436791
2025-11-06T10:46:31,933 - WorkerLoadTime.Milliseconds:5122.0|#WorkerName:W-9005-aesthetic_v2_5_1.0,Level:Host|#hostname:MacBook-Pro-de-Lautaro.local,timestamp:1762436791
2025-11-06T10:46:31,933 - WorkerThreadTime.Milliseconds:0.0|#Level:Host|#hostname:MacBook-Pro-de-Lautaro.local,timestamp:1762436791
2025-11-06T10:46:32,069 - WorkerLoadTime.Milliseconds:5258.0|#WorkerName:W-9003-aesthetic_v2_5_1.0,Level:Host|#hostname:MacBook-Pro-de-Lautaro.local,timestamp:1762436792
2025-11-06T10:46:32,070 - WorkerThreadTime.Milliseconds:1.0|#Level:Host|#hostname:MacBook-Pro-de-Lautaro.local,timestamp:1762436792
2025-11-06T10:46:37,667 - ts_inference_requests_total.Count:1.0|#model_name:aesthetic_v2_5,model_version:default|#hostname:MacBook-Pro-de-Lautaro.local,timestamp:1762436797
2025-11-06T10:46:43,241 - Requests2XX.Count:1.0|#Level:Host|#hostname:MacBook-Pro-de-Lautaro.local,timestamp:1762436803
2025-11-06T10:46:43,241 - ts_inference_latency_microseconds.Microseconds:5570998.125|#model_name:aesthetic_v2_5,model_version:default|#hostname:MacBook-Pro-de-Lautaro.local,timestamp:1762436803
2025-11-06T10:46:43,241 - ts_queue_latency_microseconds.Microseconds:242.292|#model_name:aesthetic_v2_5,model_version:default|#hostname:MacBook-Pro-de-Lautaro.local,timestamp:1762436803
2025-11-06T10:46:43,242 - QueueTime.Milliseconds:0.0|#Level:Host|#hostname:MacBook-Pro-de-Lautaro.local,timestamp:1762436803
2025-11-06T10:46:43,242 - WorkerThreadTime.Milliseconds:3.0|#Level:Host|#hostname:MacBook-Pro-de-Lautaro.local,timestamp:1762436803
2025-11-06T10:46:49,282 - ts_inference_requests_total.Count:1.0|#model_name:aesthetic_v2_5,model_version:default|#hostname:MacBook-Pro-de-Lautaro.local,timestamp:1762436809
2025-11-06T10:46:52,668 - Requests2XX.Count:1.0|#Level:Host|#hostname:MacBook-Pro-de-Lautaro.local,timestamp:1762436812
2025-11-06T10:46:52,668 - ts_inference_latency_microseconds.Microseconds:3383728.667|#model_name:aesthetic_v2_5,model_version:default|#hostname:MacBook-Pro-de-Lautaro.local,timestamp:1762436812
2025-11-06T10:46:52,668 - ts_queue_latency_microseconds.Microseconds:173.959|#model_name:aesthetic_v2_5,model_version:default|#hostname:MacBook-Pro-de-Lautaro.local,timestamp:1762436812
2025-11-06T10:46:52,669 - QueueTime.Milliseconds:0.0|#Level:Host|#hostname:MacBook-Pro-de-Lautaro.local,timestamp:1762436812
2025-11-06T10:46:52,669 - WorkerThreadTime.Milliseconds:3.0|#Level:Host|#hostname:MacBook-Pro-de-Lautaro.local,timestamp:1762436812
2025-11-06T10:47:27,178 - CPUUtilization.Percent:50.0|#Level:Host|#hostname:MacBook-Pro-de-Lautaro.local,timestamp:1762436847
2025-11-06T10:47:27,179 - DiskAvailable.Gigabytes:198.4084815979004|#Level:Host|#hostname:MacBook-Pro-de-Lautaro.local,timestamp:1762436847
2025-11-06T10:47:27,179 - DiskUsage.Gigabytes:13.731098175048828|#Level:Host|#hostname:MacBook-Pro-de-Lautaro.local,timestamp:1762436847
2025-11-06T10:47:27,179 - DiskUtilization.Percent:6.5|#Level:Host|#hostname:MacBook-Pro-de-Lautaro.local,timestamp:1762436847
2025-11-06T10:47:27,179 - MemoryAvailable.Megabytes:2601.6875|#Level:Host|#hostname:MacBook-Pro-de-Lautaro.local,timestamp:1762436847
2025-11-06T10:47:27,179 - MemoryUsed.Megabytes:6197.296875|#Level:Host|#hostname:MacBook-Pro-de-Lautaro.local,timestamp:1762436847
2025-11-06T10:47:27,179 - MemoryUtilization.Percent:84.1|#Level:Host|#hostname:MacBook-Pro-de-Lautaro.local,timestamp:1762436847
2025-11-06T10:48:27,160 - CPUUtilization.Percent:40.0|#Level:Host|#hostname:MacBook-Pro-de-Lautaro.local,timestamp:1762436907
2025-11-06T10:48:27,161 - DiskAvailable.Gigabytes:198.39837265014648|#Level:Host|#hostname:MacBook-Pro-de-Lautaro.local,timestamp:1762436907
2025-11-06T10:48:27,161 - DiskUsage.Gigabytes:13.731098175048828|#Level:Host|#hostname:MacBook-Pro-de-Lautaro.local,timestamp:1762436907
2025-11-06T10:48:27,162 - DiskUtilization.Percent:6.5|#Level:Host|#hostname:MacBook-Pro-de-Lautaro.local,timestamp:1762436907
2025-11-06T10:48:27,162 - MemoryAvailable.Megabytes:2554.96875|#Level:Host|#hostname:MacBook-Pro-de-Lautaro.local,timestamp:1762436907
2025-11-06T10:48:27,162 - MemoryUsed.Megabytes:6290.75|#Level:Host|#hostname:MacBook-Pro-de-Lautaro.local,timestamp:1762436907
2025-11-06T10:48:27,162 - MemoryUtilization.Percent:84.4|#Level:Host|#hostname:MacBook-Pro-de-Lautaro.local,timestamp:1762436907
2025-11-06T10:49:27,154 - CPUUtilization.Percent:0.0|#Level:Host|#hostname:MacBook-Pro-de-Lautaro.local,timestamp:1762436967
2025-11-06T10:49:27,154 - DiskAvailable.Gigabytes:198.3898582458496|#Level:Host|#hostname:MacBook-Pro-de-Lautaro.local,timestamp:1762436967
2025-11-06T10:49:27,155 - DiskUsage.Gigabytes:13.731098175048828|#Level:Host|#hostname:MacBook-Pro-de-Lautaro.local,timestamp:1762436967
2025-11-06T10:49:27,155 - DiskUtilization.Percent:6.5|#Level:Host|#hostname:MacBook-Pro-de-Lautaro.local,timestamp:1762436967
2025-11-06T10:49:27,155 - MemoryAvailable.Megabytes:2624.84375|#Level:Host|#hostname:MacBook-Pro-de-Lautaro.local,timestamp:1762436967
2025-11-06T10:49:27,155 - MemoryUsed.Megabytes:6445.125|#Level:Host|#hostname:MacBook-Pro-de-Lautaro.local,timestamp:1762436967
2025-11-06T10:49:27,155 - MemoryUtilization.Percent:84.0|#Level:Host|#hostname:MacBook-Pro-de-Lautaro.local,timestamp:1762436967
